[2022-06-06 13:39:16Z INFO HostContext] No proxy settings were found based on environmental variables (http_proxy/https_proxy/HTTP_PROXY/HTTPS_PROXY)
[2022-06-06 13:39:16Z INFO HostContext] Well known directory 'Bin': 'C:\Users\Toshiba\source\devOps\actions-runner\bin'
[2022-06-06 13:39:16Z INFO HostContext] Well known directory 'Root': 'C:\Users\Toshiba\source\devOps\actions-runner'
[2022-06-06 13:39:16Z INFO HostContext] Well known config file 'Credentials': 'C:\Users\Toshiba\source\devOps\actions-runner\.credentials'
[2022-06-06 13:39:16Z INFO HostContext] Well known directory 'Bin': 'C:\Users\Toshiba\source\devOps\actions-runner\bin'
[2022-06-06 13:39:16Z INFO HostContext] Well known directory 'Root': 'C:\Users\Toshiba\source\devOps\actions-runner'
[2022-06-06 13:39:16Z INFO HostContext] Well known config file 'Runner': 'C:\Users\Toshiba\source\devOps\actions-runner\.runner'
[2022-06-06 13:39:16Z INFO Listener] Runner is built for Windows (X64) - win-x64.
[2022-06-06 13:39:16Z INFO Listener] RuntimeInformation: Microsoft Windows 10.0.19043.
[2022-06-06 13:39:16Z INFO Listener] Version: 2.292.0
[2022-06-06 13:39:16Z INFO Listener] Commit: d4b794dd645e16990ae0530bf977e26ab24be9d9
[2022-06-06 13:39:16Z INFO Listener] Culture: en-US
[2022-06-06 13:39:16Z INFO Listener] UI Culture: en-US
[2022-06-06 13:39:16Z INFO HostContext] Well known directory 'Bin': 'C:\Users\Toshiba\source\devOps\actions-runner\bin'
[2022-06-06 13:39:16Z INFO HostContext] Well known directory 'Root': 'C:\Users\Toshiba\source\devOps\actions-runner'
[2022-06-06 13:39:16Z INFO Listener] Validating directory permissions for: 'C:\Users\Toshiba\source\devOps\actions-runner'
[2022-06-06 13:39:16Z INFO CommandLineParser] Parse
[2022-06-06 13:39:16Z INFO CommandLineParser] Parsing 1 args
[2022-06-06 13:39:16Z INFO CommandLineParser] parsing argument
[2022-06-06 13:39:16Z INFO CommandLineParser] HasArgs: False
[2022-06-06 13:39:16Z INFO CommandLineParser] Adding Command: run
[2022-06-06 13:39:16Z INFO Listener] Arguments parsed
[2022-06-06 13:39:16Z INFO Runner] ExecuteCommand
[2022-06-06 13:39:16Z INFO ConfigurationStore] currentAssemblyLocation: C:\Users\Toshiba\source\devOps\actions-runner\bin\Runner.Listener.dll
[2022-06-06 13:39:16Z INFO HostContext] Well known directory 'Bin': 'C:\Users\Toshiba\source\devOps\actions-runner\bin'
[2022-06-06 13:39:16Z INFO ConfigurationStore] binPath: C:\Users\Toshiba\source\devOps\actions-runner\bin
[2022-06-06 13:39:16Z INFO HostContext] Well known directory 'Bin': 'C:\Users\Toshiba\source\devOps\actions-runner\bin'
[2022-06-06 13:39:16Z INFO HostContext] Well known directory 'Root': 'C:\Users\Toshiba\source\devOps\actions-runner'
[2022-06-06 13:39:16Z INFO ConfigurationStore] RootFolder: C:\Users\Toshiba\source\devOps\actions-runner
[2022-06-06 13:39:16Z INFO HostContext] Well known directory 'Bin': 'C:\Users\Toshiba\source\devOps\actions-runner\bin'
[2022-06-06 13:39:16Z INFO HostContext] Well known directory 'Root': 'C:\Users\Toshiba\source\devOps\actions-runner'
[2022-06-06 13:39:16Z INFO HostContext] Well known config file 'Runner': 'C:\Users\Toshiba\source\devOps\actions-runner\.runner'
[2022-06-06 13:39:16Z INFO ConfigurationStore] ConfigFilePath: C:\Users\Toshiba\source\devOps\actions-runner\.runner
[2022-06-06 13:39:16Z INFO HostContext] Well known directory 'Bin': 'C:\Users\Toshiba\source\devOps\actions-runner\bin'
[2022-06-06 13:39:16Z INFO HostContext] Well known directory 'Root': 'C:\Users\Toshiba\source\devOps\actions-runner'
[2022-06-06 13:39:16Z INFO HostContext] Well known config file 'Credentials': 'C:\Users\Toshiba\source\devOps\actions-runner\.credentials'
[2022-06-06 13:39:16Z INFO ConfigurationStore] CredFilePath: C:\Users\Toshiba\source\devOps\actions-runner\.credentials
[2022-06-06 13:39:16Z INFO HostContext] Well known directory 'Bin': 'C:\Users\Toshiba\source\devOps\actions-runner\bin'
[2022-06-06 13:39:16Z INFO HostContext] Well known directory 'Root': 'C:\Users\Toshiba\source\devOps\actions-runner'
[2022-06-06 13:39:16Z INFO HostContext] Well known config file 'MigratedCredentials': 'C:\Users\Toshiba\source\devOps\actions-runner\.credentials_migrated'
[2022-06-06 13:39:16Z INFO ConfigurationStore] MigratedCredFilePath: C:\Users\Toshiba\source\devOps\actions-runner\.credentials_migrated
[2022-06-06 13:39:16Z INFO HostContext] Well known directory 'Bin': 'C:\Users\Toshiba\source\devOps\actions-runner\bin'
[2022-06-06 13:39:16Z INFO HostContext] Well known directory 'Root': 'C:\Users\Toshiba\source\devOps\actions-runner'
[2022-06-06 13:39:16Z INFO HostContext] Well known config file 'Service': 'C:\Users\Toshiba\source\devOps\actions-runner\.service'
[2022-06-06 13:39:16Z INFO ConfigurationStore] ServiceConfigFilePath: C:\Users\Toshiba\source\devOps\actions-runner\.service
[2022-06-06 13:39:16Z INFO CommandSettings] Flag 'help': 'False'
[2022-06-06 13:39:16Z INFO CommandSettings] Flag 'version': 'False'
[2022-06-06 13:39:16Z INFO CommandSettings] Flag 'commit': 'False'
[2022-06-06 13:39:16Z INFO CommandSettings] Flag 'check': 'False'
[2022-06-06 13:39:16Z INFO CommandSettings] Command 'configure': 'False'
[2022-06-06 13:39:16Z INFO CommandSettings] Command 'remove': 'False'
[2022-06-06 13:39:16Z INFO CommandSettings] Command 'warmup': 'False'
[2022-06-06 13:39:16Z INFO ConfigurationManager] LoadSettings
[2022-06-06 13:39:16Z INFO ConfigurationStore] IsConfigured()
[2022-06-06 13:39:16Z INFO ConfigurationStore] IsConfigured: False
[2022-06-06 13:39:16Z INFO ConfigurationManager] Is configured: False
[2022-06-06 13:39:16Z ERR  Terminal] WRITE ERROR: An error occurred: Not configured. Run config.(sh/cmd) to configure the runner.
[2022-06-06 13:39:16Z ERR  Listener] GitHub.Runner.Common.NonRetryableException: Not configured. Run config.(sh/cmd) to configure the runner.
   at GitHub.Runner.Listener.Configuration.ConfigurationManager.LoadSettings()
   at GitHub.Runner.Listener.Runner.ExecuteCommand(CommandSettings command)
   at GitHub.Runner.Listener.Program.MainAsync(IHostContext context, String[] args)
