[2022-06-06 13:40:04Z INFO HostContext] No proxy settings were found based on environmental variables (http_proxy/https_proxy/HTTP_PROXY/HTTPS_PROXY)
[2022-06-06 13:40:04Z INFO HostContext] Well known directory 'Bin': 'C:\Users\Toshiba\source\devOps\actions-runner\bin'
[2022-06-06 13:40:04Z INFO HostContext] Well known directory 'Root': 'C:\Users\Toshiba\source\devOps\actions-runner'
[2022-06-06 13:40:04Z INFO HostContext] Well known config file 'Credentials': 'C:\Users\Toshiba\source\devOps\actions-runner\.credentials'
[2022-06-06 13:40:04Z INFO HostContext] Well known directory 'Bin': 'C:\Users\Toshiba\source\devOps\actions-runner\bin'
[2022-06-06 13:40:04Z INFO HostContext] Well known directory 'Root': 'C:\Users\Toshiba\source\devOps\actions-runner'
[2022-06-06 13:40:04Z INFO HostContext] Well known config file 'Runner': 'C:\Users\Toshiba\source\devOps\actions-runner\.runner'
[2022-06-06 13:40:04Z INFO Listener] Runner is built for Windows (X64) - win-x64.
[2022-06-06 13:40:04Z INFO Listener] RuntimeInformation: Microsoft Windows 10.0.19043.
[2022-06-06 13:40:04Z INFO Listener] Version: 2.292.0
[2022-06-06 13:40:04Z INFO Listener] Commit: d4b794dd645e16990ae0530bf977e26ab24be9d9
[2022-06-06 13:40:04Z INFO Listener] Culture: en-US
[2022-06-06 13:40:04Z INFO Listener] UI Culture: en-US
[2022-06-06 13:40:04Z INFO HostContext] Well known directory 'Bin': 'C:\Users\Toshiba\source\devOps\actions-runner\bin'
[2022-06-06 13:40:04Z INFO HostContext] Well known directory 'Root': 'C:\Users\Toshiba\source\devOps\actions-runner'
[2022-06-06 13:40:04Z INFO Listener] Validating directory permissions for: 'C:\Users\Toshiba\source\devOps\actions-runner'
[2022-06-06 13:40:04Z INFO CommandLineParser] Parse
[2022-06-06 13:40:04Z INFO CommandLineParser] Parsing 5 args
[2022-06-06 13:40:04Z INFO CommandLineParser] parsing argument
[2022-06-06 13:40:04Z INFO CommandLineParser] HasArgs: False
[2022-06-06 13:40:04Z INFO CommandLineParser] Adding Command: configure
[2022-06-06 13:40:04Z INFO CommandLineParser] parsing argument
[2022-06-06 13:40:04Z INFO CommandLineParser] HasArgs: True
[2022-06-06 13:40:04Z INFO CommandLineParser] arg: url
[2022-06-06 13:40:04Z INFO CommandLineParser] parsing argument
[2022-06-06 13:40:04Z INFO CommandLineParser] HasArgs: True
[2022-06-06 13:40:04Z INFO CommandLineParser] Adding option 'url': 'https://github.com/iicanovic1/devOps'
[2022-06-06 13:40:04Z INFO CommandLineParser] parsing argument
[2022-06-06 13:40:04Z INFO CommandLineParser] HasArgs: True
[2022-06-06 13:40:04Z INFO CommandLineParser] arg: token
[2022-06-06 13:40:04Z INFO CommandLineParser] parsing argument
[2022-06-06 13:40:04Z INFO CommandLineParser] HasArgs: True
[2022-06-06 13:40:04Z INFO CommandLineParser] Adding option 'token': '***'
[2022-06-06 13:40:04Z INFO Listener] Arguments parsed
[2022-06-06 13:40:04Z INFO Runner] ExecuteCommand
[2022-06-06 13:40:04Z INFO ConfigurationStore] currentAssemblyLocation: C:\Users\Toshiba\source\devOps\actions-runner\bin\Runner.Listener.dll
[2022-06-06 13:40:04Z INFO HostContext] Well known directory 'Bin': 'C:\Users\Toshiba\source\devOps\actions-runner\bin'
[2022-06-06 13:40:04Z INFO ConfigurationStore] binPath: C:\Users\Toshiba\source\devOps\actions-runner\bin
[2022-06-06 13:40:04Z INFO HostContext] Well known directory 'Bin': 'C:\Users\Toshiba\source\devOps\actions-runner\bin'
[2022-06-06 13:40:04Z INFO HostContext] Well known directory 'Root': 'C:\Users\Toshiba\source\devOps\actions-runner'
[2022-06-06 13:40:04Z INFO ConfigurationStore] RootFolder: C:\Users\Toshiba\source\devOps\actions-runner
[2022-06-06 13:40:04Z INFO HostContext] Well known directory 'Bin': 'C:\Users\Toshiba\source\devOps\actions-runner\bin'
[2022-06-06 13:40:04Z INFO HostContext] Well known directory 'Root': 'C:\Users\Toshiba\source\devOps\actions-runner'
[2022-06-06 13:40:04Z INFO HostContext] Well known config file 'Runner': 'C:\Users\Toshiba\source\devOps\actions-runner\.runner'
[2022-06-06 13:40:04Z INFO ConfigurationStore] ConfigFilePath: C:\Users\Toshiba\source\devOps\actions-runner\.runner
[2022-06-06 13:40:04Z INFO HostContext] Well known directory 'Bin': 'C:\Users\Toshiba\source\devOps\actions-runner\bin'
[2022-06-06 13:40:04Z INFO HostContext] Well known directory 'Root': 'C:\Users\Toshiba\source\devOps\actions-runner'
[2022-06-06 13:40:04Z INFO HostContext] Well known config file 'Credentials': 'C:\Users\Toshiba\source\devOps\actions-runner\.credentials'
[2022-06-06 13:40:04Z INFO ConfigurationStore] CredFilePath: C:\Users\Toshiba\source\devOps\actions-runner\.credentials
[2022-06-06 13:40:04Z INFO HostContext] Well known directory 'Bin': 'C:\Users\Toshiba\source\devOps\actions-runner\bin'
[2022-06-06 13:40:04Z INFO HostContext] Well known directory 'Root': 'C:\Users\Toshiba\source\devOps\actions-runner'
[2022-06-06 13:40:04Z INFO HostContext] Well known config file 'MigratedCredentials': 'C:\Users\Toshiba\source\devOps\actions-runner\.credentials_migrated'
[2022-06-06 13:40:04Z INFO ConfigurationStore] MigratedCredFilePath: C:\Users\Toshiba\source\devOps\actions-runner\.credentials_migrated
[2022-06-06 13:40:04Z INFO HostContext] Well known directory 'Bin': 'C:\Users\Toshiba\source\devOps\actions-runner\bin'
[2022-06-06 13:40:04Z INFO HostContext] Well known directory 'Root': 'C:\Users\Toshiba\source\devOps\actions-runner'
[2022-06-06 13:40:04Z INFO HostContext] Well known config file 'Service': 'C:\Users\Toshiba\source\devOps\actions-runner\.service'
[2022-06-06 13:40:04Z INFO ConfigurationStore] ServiceConfigFilePath: C:\Users\Toshiba\source\devOps\actions-runner\.service
[2022-06-06 13:40:04Z INFO CommandSettings] Flag 'help': 'False'
[2022-06-06 13:40:04Z INFO CommandSettings] Flag 'version': 'False'
[2022-06-06 13:40:04Z INFO CommandSettings] Flag 'commit': 'False'
[2022-06-06 13:40:04Z INFO CommandSettings] Flag 'check': 'False'
[2022-06-06 13:40:04Z INFO CommandSettings] Command 'configure': 'True'
[2022-06-06 13:40:04Z INFO Terminal] WRITE LINE: 
[2022-06-06 13:40:05Z INFO Terminal] WRITE LINE: --------------------------------------------------------------------------------
[2022-06-06 13:40:05Z INFO Terminal] WRITE LINE: |        ____ _ _   _   _       _          _        _   _                      |
[2022-06-06 13:40:05Z INFO Terminal] WRITE LINE: |       / ___(_) |_| | | |_   _| |__      / \   ___| |_(_) ___  _ __  ___      |
[2022-06-06 13:40:05Z INFO Terminal] WRITE LINE: |      | |  _| | __| |_| | | | | '_ \    / _ \ / __| __| |/ _ \| '_ \/ __|     |
[2022-06-06 13:40:05Z INFO Terminal] WRITE LINE: |      | |_| | | |_|  _  | |_| | |_) |  / ___ \ (__| |_| | (_) | | | \__ \     |
[2022-06-06 13:40:05Z INFO Terminal] WRITE LINE: |       \____|_|\__|_| |_|\__,_|_.__/  /_/   \_\___|\__|_|\___/|_| |_|___/     |
[2022-06-06 13:40:05Z INFO Terminal] WRITE LINE: |                                                                              |
[2022-06-06 13:40:05Z INFO Terminal] WRITE: |                       
[2022-06-06 13:40:05Z INFO Terminal] WRITE: Self-hosted runner registration
[2022-06-06 13:40:05Z INFO Terminal] WRITE LINE:                         |
[2022-06-06 13:40:05Z INFO Terminal] WRITE LINE: |                                                                              |
[2022-06-06 13:40:05Z INFO Terminal] WRITE LINE: --------------------------------------------------------------------------------
[2022-06-06 13:40:05Z INFO ConfigurationManager] ConfigureAsync
[2022-06-06 13:40:05Z INFO ConfigurationStore] IsConfigured()
[2022-06-06 13:40:05Z INFO ConfigurationStore] IsConfigured: False
[2022-06-06 13:40:05Z INFO ConfigurationManager] Is configured: False
[2022-06-06 13:40:05Z INFO CommandSettings] Arg 'url': 'https://github.com/iicanovic1/devOps'
[2022-06-06 13:40:05Z INFO CommandSettings] Remove url from Arg dictionary.
[2022-06-06 13:40:05Z INFO CommandSettings] Arg 'token': '***'
[2022-06-06 13:40:05Z INFO CommandSettings] Remove token from Arg dictionary.
[2022-06-06 13:40:06Z INFO ConfigurationManager] Http response code: OK from 'POST https://api.github.com/actions/runner-registration'
[2022-06-06 13:40:06Z INFO ConfigurationManager] cred retrieved via GitHub auth
[2022-06-06 13:40:06Z INFO RunnerServer] Establish connection with 100 seconds timeout.
[2022-06-06 13:40:06Z INFO GitHubActionsService] Starting operation Location.GetConnectionData
[2022-06-06 13:40:06Z INFO RunnerServer] Establish connection with 60 seconds timeout.
[2022-06-06 13:40:06Z INFO GitHubActionsService] Starting operation Location.GetConnectionData
[2022-06-06 13:40:06Z INFO RunnerServer] Establish connection with 60 seconds timeout.
[2022-06-06 13:40:06Z INFO GitHubActionsService] Starting operation Location.GetConnectionData
[2022-06-06 13:40:07Z INFO GitHubActionsService] Finished operation Location.GetConnectionData
[2022-06-06 13:40:07Z INFO GitHubActionsService] Finished operation Location.GetConnectionData
[2022-06-06 13:40:07Z INFO GitHubActionsService] Finished operation Location.GetConnectionData
[2022-06-06 13:40:08Z INFO GitHubActionsService] Starting operation Location.GetConnectionData
[2022-06-06 13:40:08Z INFO GitHubActionsService] Finished operation Location.GetConnectionData
[2022-06-06 13:40:08Z INFO Terminal] WRITE LINE: 
[2022-06-06 13:40:08Z INFO ConfigurationManager] Test Connection complete.
[2022-06-06 13:40:08Z INFO HostContext] Well known directory 'Bin': 'C:\Users\Toshiba\source\devOps\actions-runner\bin'
[2022-06-06 13:40:08Z INFO HostContext] Well known directory 'Root': 'C:\Users\Toshiba\source\devOps\actions-runner'
[2022-06-06 13:40:08Z INFO HostContext] Well known config file 'RSACredentials': 'C:\Users\Toshiba\source\devOps\actions-runner\.credentials_rsaparams'
[2022-06-06 13:40:08Z INFO RSAEncryptedFileKeyManager] Found existing RSA key parameters file C:\Users\Toshiba\source\devOps\actions-runner\.credentials_rsaparams
[2022-06-06 13:40:09Z INFO CommandSettings] Arg 'runnergroup': ''
[2022-06-06 13:40:09Z INFO CommandSettings] Flag 'unattended': 'False'
[2022-06-06 13:40:09Z INFO PromptManager] ReadValue
[2022-06-06 13:40:09Z INFO Terminal] WRITE: Enter the name of the runner group to add this runner to: 
[2022-06-06 13:40:09Z INFO Terminal] WRITE: [press Enter for Default] 
[2022-06-06 13:40:09Z INFO Terminal] READ LINE
[2022-06-06 13:40:13Z INFO Terminal] Read value: ''
[2022-06-06 13:40:13Z INFO PromptManager] Falling back to the default: 'Default'
[2022-06-06 13:40:13Z INFO Terminal] WRITE LINE: 
[2022-06-06 13:40:13Z INFO ConfigurationManager] Found a self-hosted runner group with id 1 and name Default
[2022-06-06 13:40:13Z INFO CommandSettings] Flag 'disableupdate': 'False'
[2022-06-06 13:40:13Z INFO CommandSettings] Flag 'ephemeral': 'False'
[2022-06-06 13:40:13Z INFO CommandSettings] Arg 'name': ''
[2022-06-06 13:40:13Z INFO CommandSettings] Flag 'unattended': 'False'
[2022-06-06 13:40:13Z INFO PromptManager] ReadValue
[2022-06-06 13:40:13Z INFO Terminal] WRITE: Enter the name of runner: 
[2022-06-06 13:40:13Z INFO Terminal] WRITE: [press Enter for DESKTOP-91UF9F0] 
[2022-06-06 13:40:13Z INFO Terminal] READ LINE
[2022-06-06 13:40:22Z INFO Terminal] Read value: 'runner1'
[2022-06-06 13:40:22Z INFO Terminal] WRITE LINE: 
[2022-06-06 13:40:22Z INFO CommandSettings] Arg 'labels': ''
[2022-06-06 13:40:22Z INFO CommandSettings] Flag 'unattended': 'False'
[2022-06-06 13:40:22Z INFO PromptManager] ReadValue
[2022-06-06 13:40:22Z INFO Terminal] WRITE: This runner will have the following labels: 'self-hosted', 'Windows', 'X64' 
Enter any additional labels (ex. label-1,label-2): 
[2022-06-06 13:40:22Z INFO Terminal] WRITE: [press Enter to skip] 
[2022-06-06 13:40:22Z INFO Terminal] READ LINE
[2022-06-06 13:40:29Z INFO Terminal] Read value: ''
[2022-06-06 13:40:29Z INFO Terminal] WRITE LINE: 
[2022-06-06 13:40:30Z INFO CommandSettings] Flag 'disableupdate': 'False'
[2022-06-06 13:40:30Z INFO CommandSettings] Flag 'disableupdate': 'False'
[2022-06-06 13:40:30Z INFO CommandSettings] Flag 'ephemeral': 'False'
[2022-06-06 13:40:30Z INFO ConfigurationStore] Saving OAuth credential @ C:\Users\Toshiba\source\devOps\actions-runner\.credentials
[2022-06-06 13:40:30Z INFO ConfigurationStore] Credentials Saved.
[2022-06-06 13:40:30Z INFO ConfigurationStore] HasCredentials()
[2022-06-06 13:40:30Z INFO ConfigurationStore] stored True
[2022-06-06 13:40:30Z INFO CredentialManager] GetCredentialProvider
[2022-06-06 13:40:30Z INFO CredentialManager] Creating type OAuth
[2022-06-06 13:40:30Z INFO CredentialManager] Creating credential type: OAuth
[2022-06-06 13:40:30Z INFO RSAEncryptedFileKeyManager] Loading RSA key parameters from file C:\Users\Toshiba\source\devOps\actions-runner\.credentials_rsaparams
[2022-06-06 13:40:30Z INFO RunnerServer] Establish connection with 100 seconds timeout.
[2022-06-06 13:40:30Z INFO GitHubActionsService] Starting operation Location.GetConnectionData
[2022-06-06 13:40:30Z INFO RunnerServer] Establish connection with 60 seconds timeout.
[2022-06-06 13:40:30Z INFO GitHubActionsService] Starting operation Location.GetConnectionData
[2022-06-06 13:40:30Z INFO RunnerServer] Establish connection with 60 seconds timeout.
[2022-06-06 13:40:30Z INFO GitHubActionsService] Starting operation Location.GetConnectionData
[2022-06-06 13:40:31Z INFO GitHubActionsService] Finished operation Location.GetConnectionData
[2022-06-06 13:40:32Z INFO GitHubActionsService] Finished operation Location.GetConnectionData
[2022-06-06 13:40:32Z INFO GitHubActionsService] Finished operation Location.GetConnectionData
[2022-06-06 13:40:32Z WARN GitHubActionsService] Authentication failed with status code 401.
Transfer-Encoding: chunked
WWW-Authenticate: Bearer
Strict-Transport-Security: max-age=2592000
X-TFS-ProcessId: bf35b687-6978-427e-b067-3c17e19ba9e1
ActivityId: 21acfe0d-566e-445d-95b0-4fb5b5b62ab1
X-TFS-Session: f0c2d7f9-7529-4a6d-ac03-7126658afbd2
X-VSS-E2EID: 12f6110d-ed3e-4f76-9a94-8d8f61dd89b5
X-VSS-SenderDeploymentId: 6be79bb9-f6f7-24a7-0b27-e718f2ab4200
X-TFS-ServiceError: The+user+%27System%3aPublicAccess%3baaaaaaaa-aaaa-aaaa-aaaa-aaaaaaaaaaaa%27+is+not+authorized+to+access+this+resource.
X-VSS-S2STargetService: 0000005A-0000-8888-8000-000000000000/visualstudio.com
X-Cache: CONFIG_NOCACHE
X-MSEdge-Ref: Ref A: F0B15BBD3FAC491695F49857387FDF48 Ref B: VIEEDGE3921 Ref C: 2022-06-06T13:40:32Z
Date: Mon, 06 Jun 2022 13:40:32 GMT

[2022-06-06 13:40:32Z INFO RSAEncryptedFileKeyManager] Loading RSA key parameters from file C:\Users\Toshiba\source\devOps\actions-runner\.credentials_rsaparams
[2022-06-06 13:40:32Z INFO RSAEncryptedFileKeyManager] Loading RSA key parameters from file C:\Users\Toshiba\source\devOps\actions-runner\.credentials_rsaparams
[2022-06-06 13:40:33Z INFO GitHubActionsService] AAD Correlation ID for this token request: Unknown
[2022-06-06 13:40:34Z INFO CommandSettings] Arg 'work': ''
[2022-06-06 13:40:34Z INFO CommandSettings] Flag 'unattended': 'False'
[2022-06-06 13:40:34Z INFO PromptManager] ReadValue
[2022-06-06 13:40:34Z INFO Terminal] WRITE: Enter name of work folder: 
[2022-06-06 13:40:34Z INFO Terminal] WRITE: [press Enter for _work] 
[2022-06-06 13:40:34Z INFO Terminal] READ LINE
[2022-06-06 13:40:41Z INFO Terminal] Read value: ''
[2022-06-06 13:40:41Z INFO PromptManager] Falling back to the default: '_work'
[2022-06-06 13:40:41Z INFO ConfigurationStore] Saving runner settings.
[2022-06-06 13:40:41Z INFO ConfigurationStore] Settings Saved.
[2022-06-06 13:40:41Z INFO Terminal] WRITE LINE: 
[2022-06-06 13:40:41Z INFO Terminal] WRITE LINE: 
[2022-06-06 13:40:41Z INFO CommandSettings] Flag 'runasservice': 'False'
[2022-06-06 13:40:41Z INFO CommandSettings] Flag 'unattended': 'False'
[2022-06-06 13:40:41Z INFO PromptManager] ReadValue
[2022-06-06 13:40:41Z INFO Terminal] WRITE: Would you like to run the runner as service? (Y/N) 
[2022-06-06 13:40:41Z INFO Terminal] WRITE: [press Enter for N] 
[2022-06-06 13:40:41Z INFO Terminal] READ LINE
[2022-06-06 13:40:46Z INFO Terminal] Read value: 'y'
[2022-06-06 13:40:46Z INFO ConfigurationManager] Configuring to run the agent as service
[2022-06-06 13:40:46Z ERR  WindowsServiceControlManager] Needs Administrator privileges for configure runner as windows service.
[2022-06-06 13:40:46Z ERR  Runner] System.Security.SecurityException: Needs Administrator privileges for configuring runner as windows service.
   at GitHub.Runner.Listener.Configuration.WindowsServiceControlManager.ConfigureService(RunnerSettings settings, CommandSettings command)
   at GitHub.Runner.Listener.Configuration.ConfigurationManager.ConfigureAsync(CommandSettings command)
   at GitHub.Runner.Listener.Runner.ExecuteCommand(CommandSettings command)
[2022-06-06 13:40:46Z ERR  Terminal] WRITE ERROR: Needs Administrator privileges for configuring runner as windows service.
[2022-06-06 13:40:46Z INFO Listener] Runner execution has finished with return code 1
