[2022-06-06 13:41:02Z INFO HostContext] No proxy settings were found based on environmental variables (http_proxy/https_proxy/HTTP_PROXY/HTTPS_PROXY)
[2022-06-06 13:41:02Z INFO HostContext] Well known directory 'Bin': 'C:\Users\Toshiba\source\devOps\actions-runner\bin'
[2022-06-06 13:41:02Z INFO HostContext] Well known directory 'Root': 'C:\Users\Toshiba\source\devOps\actions-runner'
[2022-06-06 13:41:02Z INFO HostContext] Well known config file 'Credentials': 'C:\Users\Toshiba\source\devOps\actions-runner\.credentials'
[2022-06-06 13:41:03Z INFO HostContext] Well known directory 'Bin': 'C:\Users\Toshiba\source\devOps\actions-runner\bin'
[2022-06-06 13:41:03Z INFO HostContext] Well known directory 'Root': 'C:\Users\Toshiba\source\devOps\actions-runner'
[2022-06-06 13:41:03Z INFO HostContext] Well known config file 'Runner': 'C:\Users\Toshiba\source\devOps\actions-runner\.runner'
[2022-06-06 13:41:03Z INFO Listener] Runner is built for Windows (X64) - win-x64.
[2022-06-06 13:41:03Z INFO Listener] RuntimeInformation: Microsoft Windows 10.0.19043.
[2022-06-06 13:41:03Z INFO Listener] Version: 2.292.0
[2022-06-06 13:41:03Z INFO Listener] Commit: d4b794dd645e16990ae0530bf977e26ab24be9d9
[2022-06-06 13:41:03Z INFO Listener] Culture: en-US
[2022-06-06 13:41:03Z INFO Listener] UI Culture: en-US
[2022-06-06 13:41:03Z INFO HostContext] Well known directory 'Bin': 'C:\Users\Toshiba\source\devOps\actions-runner\bin'
[2022-06-06 13:41:03Z INFO HostContext] Well known directory 'Root': 'C:\Users\Toshiba\source\devOps\actions-runner'
[2022-06-06 13:41:03Z INFO Listener] Validating directory permissions for: 'C:\Users\Toshiba\source\devOps\actions-runner'
[2022-06-06 13:41:03Z INFO CommandLineParser] Parse
[2022-06-06 13:41:03Z INFO CommandLineParser] Parsing 1 args
[2022-06-06 13:41:03Z INFO CommandLineParser] parsing argument
[2022-06-06 13:41:03Z INFO CommandLineParser] HasArgs: False
[2022-06-06 13:41:03Z INFO CommandLineParser] Adding Command: run
[2022-06-06 13:41:03Z INFO Listener] Arguments parsed
[2022-06-06 13:41:03Z INFO Runner] ExecuteCommand
[2022-06-06 13:41:03Z INFO ConfigurationStore] currentAssemblyLocation: C:\Users\Toshiba\source\devOps\actions-runner\bin\Runner.Listener.dll
[2022-06-06 13:41:03Z INFO HostContext] Well known directory 'Bin': 'C:\Users\Toshiba\source\devOps\actions-runner\bin'
[2022-06-06 13:41:03Z INFO ConfigurationStore] binPath: C:\Users\Toshiba\source\devOps\actions-runner\bin
[2022-06-06 13:41:03Z INFO HostContext] Well known directory 'Bin': 'C:\Users\Toshiba\source\devOps\actions-runner\bin'
[2022-06-06 13:41:03Z INFO HostContext] Well known directory 'Root': 'C:\Users\Toshiba\source\devOps\actions-runner'
[2022-06-06 13:41:03Z INFO ConfigurationStore] RootFolder: C:\Users\Toshiba\source\devOps\actions-runner
[2022-06-06 13:41:03Z INFO HostContext] Well known directory 'Bin': 'C:\Users\Toshiba\source\devOps\actions-runner\bin'
[2022-06-06 13:41:03Z INFO HostContext] Well known directory 'Root': 'C:\Users\Toshiba\source\devOps\actions-runner'
[2022-06-06 13:41:03Z INFO HostContext] Well known config file 'Runner': 'C:\Users\Toshiba\source\devOps\actions-runner\.runner'
[2022-06-06 13:41:03Z INFO ConfigurationStore] ConfigFilePath: C:\Users\Toshiba\source\devOps\actions-runner\.runner
[2022-06-06 13:41:03Z INFO HostContext] Well known directory 'Bin': 'C:\Users\Toshiba\source\devOps\actions-runner\bin'
[2022-06-06 13:41:03Z INFO HostContext] Well known directory 'Root': 'C:\Users\Toshiba\source\devOps\actions-runner'
[2022-06-06 13:41:03Z INFO HostContext] Well known config file 'Credentials': 'C:\Users\Toshiba\source\devOps\actions-runner\.credentials'
[2022-06-06 13:41:03Z INFO ConfigurationStore] CredFilePath: C:\Users\Toshiba\source\devOps\actions-runner\.credentials
[2022-06-06 13:41:03Z INFO HostContext] Well known directory 'Bin': 'C:\Users\Toshiba\source\devOps\actions-runner\bin'
[2022-06-06 13:41:03Z INFO HostContext] Well known directory 'Root': 'C:\Users\Toshiba\source\devOps\actions-runner'
[2022-06-06 13:41:03Z INFO HostContext] Well known config file 'MigratedCredentials': 'C:\Users\Toshiba\source\devOps\actions-runner\.credentials_migrated'
[2022-06-06 13:41:03Z INFO ConfigurationStore] MigratedCredFilePath: C:\Users\Toshiba\source\devOps\actions-runner\.credentials_migrated
[2022-06-06 13:41:03Z INFO HostContext] Well known directory 'Bin': 'C:\Users\Toshiba\source\devOps\actions-runner\bin'
[2022-06-06 13:41:03Z INFO HostContext] Well known directory 'Root': 'C:\Users\Toshiba\source\devOps\actions-runner'
[2022-06-06 13:41:03Z INFO HostContext] Well known config file 'Service': 'C:\Users\Toshiba\source\devOps\actions-runner\.service'
[2022-06-06 13:41:03Z INFO ConfigurationStore] ServiceConfigFilePath: C:\Users\Toshiba\source\devOps\actions-runner\.service
[2022-06-06 13:41:03Z INFO CommandSettings] Flag 'help': 'False'
[2022-06-06 13:41:03Z INFO CommandSettings] Flag 'version': 'False'
[2022-06-06 13:41:03Z INFO CommandSettings] Flag 'commit': 'False'
[2022-06-06 13:41:03Z INFO CommandSettings] Flag 'check': 'False'
[2022-06-06 13:41:03Z INFO CommandSettings] Command 'configure': 'False'
[2022-06-06 13:41:03Z INFO CommandSettings] Command 'remove': 'False'
[2022-06-06 13:41:03Z INFO CommandSettings] Command 'warmup': 'False'
[2022-06-06 13:41:03Z INFO ConfigurationManager] LoadSettings
[2022-06-06 13:41:03Z INFO ConfigurationStore] IsConfigured()
[2022-06-06 13:41:03Z INFO ConfigurationStore] IsConfigured: True
[2022-06-06 13:41:03Z INFO ConfigurationManager] Is configured: True
[2022-06-06 13:41:03Z INFO ConfigurationStore] Read setting file: 289 chars
[2022-06-06 13:41:03Z INFO ConfigurationManager] Settings Loaded
[2022-06-06 13:41:03Z INFO ConfigurationStore] IsServiceConfigured()
[2022-06-06 13:41:03Z INFO ConfigurationStore] IsServiceConfigured: False
[2022-06-06 13:41:03Z INFO CommandSettings] Command 'run': 'True'
[2022-06-06 13:41:03Z INFO ConfigurationStore] IsConfigured()
[2022-06-06 13:41:03Z INFO ConfigurationStore] IsConfigured: True
[2022-06-06 13:41:03Z INFO ConfigurationManager] Is configured: True
[2022-06-06 13:41:03Z INFO Runner] Could not parse the argument value '' for StartupType. Defaulting to Manual
[2022-06-06 13:41:03Z INFO Runner] Set runner startup type - Manual
[2022-06-06 13:41:03Z INFO CommandSettings] Flag 'once': 'False'
[2022-06-06 13:41:03Z INFO CommandSettings] Flag 'once': 'False'
[2022-06-06 13:41:03Z INFO Runner] RunAsync
[2022-06-06 13:41:03Z INFO ConfigurationManager] LoadSettings
[2022-06-06 13:41:03Z INFO ConfigurationStore] IsConfigured()
[2022-06-06 13:41:03Z INFO ConfigurationStore] IsConfigured: True
[2022-06-06 13:41:03Z INFO ConfigurationManager] Is configured: True
[2022-06-06 13:41:03Z INFO ConfigurationManager] Settings Loaded
[2022-06-06 13:41:03Z INFO MessageListener] {
  "AgentId": 2,
  "AgentName": "runner1",
  "PoolId": 1,
  "PoolName": "Default",
  "ServerUrl": "https://pipelines.actions.githubusercontent.com/YjhGhgEETtBX2RUSTXI75e8kUJFeZNTqvwi4LkXSuFuA0235Ny",
  "GitHubUrl": "https://github.com/iicanovic1/devOps",
  "WorkFolder": "_work"
}
[2022-06-06 13:41:03Z INFO MessageListener] Loading Credentials
[2022-06-06 13:41:03Z INFO ConfigurationStore] HasCredentials()
[2022-06-06 13:41:03Z INFO ConfigurationStore] stored True
[2022-06-06 13:41:03Z INFO CredentialManager] GetCredentialProvider
[2022-06-06 13:41:03Z INFO CredentialManager] Creating type OAuth
[2022-06-06 13:41:03Z INFO CredentialManager] Creating credential type: OAuth
[2022-06-06 13:41:03Z INFO HostContext] Well known directory 'Bin': 'C:\Users\Toshiba\source\devOps\actions-runner\bin'
[2022-06-06 13:41:03Z INFO HostContext] Well known directory 'Root': 'C:\Users\Toshiba\source\devOps\actions-runner'
[2022-06-06 13:41:03Z INFO HostContext] Well known config file 'RSACredentials': 'C:\Users\Toshiba\source\devOps\actions-runner\.credentials_rsaparams'
[2022-06-06 13:41:03Z INFO RSAEncryptedFileKeyManager] Loading RSA key parameters from file C:\Users\Toshiba\source\devOps\actions-runner\.credentials_rsaparams
[2022-06-06 13:41:03Z INFO MessageListener] Attempt to create session.
[2022-06-06 13:41:03Z INFO MessageListener] Connecting to the Runner Server...
[2022-06-06 13:41:03Z INFO RunnerServer] Establish connection with 100 seconds timeout.
[2022-06-06 13:41:03Z INFO GitHubActionsService] Starting operation Location.GetConnectionData
[2022-06-06 13:41:03Z INFO RunnerServer] Establish connection with 60 seconds timeout.
[2022-06-06 13:41:03Z INFO GitHubActionsService] Starting operation Location.GetConnectionData
[2022-06-06 13:41:03Z INFO RunnerServer] Establish connection with 60 seconds timeout.
[2022-06-06 13:41:03Z INFO GitHubActionsService] Starting operation Location.GetConnectionData
[2022-06-06 13:41:04Z INFO GitHubActionsService] Finished operation Location.GetConnectionData
[2022-06-06 13:41:04Z INFO GitHubActionsService] Finished operation Location.GetConnectionData
[2022-06-06 13:41:04Z INFO GitHubActionsService] Finished operation Location.GetConnectionData
[2022-06-06 13:41:04Z INFO GitHubActionsService] Starting operation Location.GetConnectionData
[2022-06-06 13:41:05Z INFO GitHubActionsService] Finished operation Location.GetConnectionData
[2022-06-06 13:41:05Z INFO GitHubActionsService] Starting operation Location.GetConnectionData
[2022-06-06 13:41:05Z INFO GitHubActionsService] Finished operation Location.GetConnectionData
[2022-06-06 13:41:05Z INFO MessageListener] VssConnection created
[2022-06-06 13:41:05Z INFO Terminal] WRITE LINE: 
[2022-06-06 13:41:05Z INFO Terminal] WRITE LINE: 
[2022-06-06 13:41:05Z WARN GitHubActionsService] Authentication failed with status code 401.
Transfer-Encoding: chunked
WWW-Authenticate: Bearer
Strict-Transport-Security: max-age=2592000
X-TFS-ProcessId: e818a8d6-2661-416f-b87b-fd606d169461
ActivityId: 94622269-195e-4320-a490-f7afe3abb018
X-TFS-Session: 22831362-d4c2-4734-a294-b495c4abeb05
X-VSS-E2EID: a6a66cac-e206-4d42-b973-4c259800c669
X-VSS-SenderDeploymentId: 6be79bb9-f6f7-24a7-0b27-e718f2ab4200
X-TFS-ServiceError: The+user+%27System%3aPublicAccess%3baaaaaaaa-aaaa-aaaa-aaaa-aaaaaaaaaaaa%27+is+not+authorized+to+access+this+resource.
X-VSS-S2STargetService: 0000005A-0000-8888-8000-000000000000/visualstudio.com
X-Cache: CONFIG_NOCACHE
X-MSEdge-Ref: Ref A: AD5BB6455B424686B4FB04206FC0F9AA Ref B: VIEEDGE3913 Ref C: 2022-06-06T13:41:05Z
Date: Mon, 06 Jun 2022 13:41:05 GMT

[2022-06-06 13:41:05Z INFO RSAEncryptedFileKeyManager] Loading RSA key parameters from file C:\Users\Toshiba\source\devOps\actions-runner\.credentials_rsaparams
[2022-06-06 13:41:05Z INFO RSAEncryptedFileKeyManager] Loading RSA key parameters from file C:\Users\Toshiba\source\devOps\actions-runner\.credentials_rsaparams
[2022-06-06 13:41:06Z INFO GitHubActionsService] AAD Correlation ID for this token request: Unknown
[2022-06-06 13:41:06Z INFO MessageListener] Session created.
[2022-06-06 13:41:06Z INFO Terminal] WRITE LINE: Current runner version: '2.292.0'
[2022-06-06 13:41:06Z INFO Terminal] WRITE LINE: 2022-06-06 13:41:06Z: Listening for Jobs
[2022-06-06 13:41:06Z INFO JobDispatcher] Set runner/worker IPC timeout to 30 seconds.
[2022-06-06 13:42:17Z INFO Terminal] WRITE LINE: Exiting...
[2022-06-06 13:42:17Z INFO ConfigurationStore] IsServiceConfigured()
[2022-06-06 13:42:17Z INFO ConfigurationStore] IsServiceConfigured: False
[2022-06-06 13:42:17Z INFO HostContext] Runner will be shutdown for UserCancelled
[2022-06-06 13:42:17Z WARN GitHubActionsService] GET request to https://pipelines.actions.githubusercontent.com/YjhGhgEETtBX2RUSTXI75e8kUJFeZNTqvwi4LkXSuFuA0235Ny/_apis/distributedtask/pools/1/messages?sessionId=f2c833a3-d7d7-4558-b19d-9e9b75e730b0 has been cancelled.
[2022-06-06 13:42:17Z INFO MessageListener] Get next message has been cancelled.
[2022-06-06 13:42:17Z INFO JobDispatcher] Shutting down JobDispatcher. Make sure all WorkerDispatcher has finished.
[2022-06-06 13:42:17Z INFO Listener] Runner execution been cancelled.
